CartContext.js:122 Calling /api/cart/add with payload: {productId: 113, quantity: 1}
hot-reloader-client.js:197 [Fast Refresh] rebuilding
report-hmr-latency.js:14 [Fast Refresh] done in 242ms
CartContext.js:123


           POST http://localhost:3002/api/cart/add 404 (Not Found)
addToCart @ CartContext.js:123
handleClick @ AddToCartButton.js:26
executeDispatch @ react-dom-client.development.js:16502
runWithFiberInDEV @ react-dom-client.development.js:845
processDispatchQueue @ react-dom-client.development.js:16552
eval @ react-dom-client.development.js:17150
batchedUpdates$1 @ react-dom-client.development.js:3263
dispatchEventForPluginEventSystem @ react-dom-client.development.js:16706
dispatchEvent @ react-dom-client.development.js:20816
dispatchDiscreteEvent @ react-dom-client.development.js:20784
<button>
exports.jsxDEV @ react-jsx-dev-runtime.development.js:346
Button @ Button.js:4
react-stack-bottom-frame @ react-dom-client.development.js:22974
renderWithHooksAgain @ react-dom-client.development.js:6767
renderWithHooks @ react-dom-client.development.js:6679
updateFunctionComponent @ react-dom-client.development.js:8931
beginWork @ react-dom-client.development.js:10556
runWithFiberInDEV @ react-dom-client.development.js:845
performUnitOfWork @ react-dom-client.development.js:15258
workLoopConcurrentByScheduler @ react-dom-client.development.js:15252
renderRootConcurrent @ react-dom-client.development.js:15227
performWorkOnRoot @ react-dom-client.development.js:14525
performWorkOnRootViaSchedulerTask @ react-dom-client.development.js:16350
performWorkUntilDeadline @ scheduler.development.js:45
<Button>
exports.jsxDEV @ react-jsx-dev-runtime.development.js:346
AddToCartButton @ AddToCartButton.js:44
react-stack-bottom-frame @ react-dom-client.development.js:22974
renderWithHooksAgain @ react-dom-client.development.js:6767
renderWithHooks @ react-dom-client.development.js:6679
updateFunctionComponent @ react-dom-client.development.js:8931
beginWork @ react-dom-client.development.js:10505
runWithFiberInDEV @ react-dom-client.development.js:845
performUnitOfWork @ react-dom-client.development.js:15258
workLoopConcurrentByScheduler @ react-dom-client.development.js:15252
renderRootConcurrent @ react-dom-client.development.js:15227
performWorkOnRoot @ react-dom-client.development.js:14525
performWorkOnRootViaSchedulerTask @ react-dom-client.development.js:16350
performWorkUntilDeadline @ scheduler.development.js:45
"use client"
MinimalistProductCard @ MinimalistProductCard.js:33
eval @ react-server-dom-webpack-client.browser.development.js:2355
initializeModelChunk @ react-server-dom-webpack-client.browser.development.js:1054
getOutlinedModel @ react-server-dom-webpack-client.browser.development.js:1327
parseModelString @ react-server-dom-webpack-client.browser.development.js:1540
eval @ react-server-dom-webpack-client.browser.development.js:2294
initializeModelChunk @ react-server-dom-webpack-client.browser.development.js:1054
readChunk @ react-server-dom-webpack-client.browser.development.js:949
react-stack-bottom-frame @ react-dom-client.development.js:23078
createChild @ react-dom-client.development.js:5383
reconcileChildrenArray @ react-dom-client.development.js:5690
reconcileChildFibersImpl @ react-dom-client.development.js:6013
eval @ react-dom-client.development.js:6118
reconcileChildren @ react-dom-client.development.js:8655
beginWork @ react-dom-client.development.js:10904
runWithFiberInDEV @ react-dom-client.development.js:845
performUnitOfWork @ react-dom-client.development.js:15258
workLoopConcurrentByScheduler @ react-dom-client.development.js:15252
renderRootConcurrent @ react-dom-client.development.js:15227
performWorkOnRoot @ react-dom-client.development.js:14525
performWorkOnRootViaSchedulerTask @ react-dom-client.development.js:16350
performWorkUntilDeadline @ scheduler.development.js:45
<MinimalistProductCard>
eval @ page.js:40
Home @ page.js:39
buildFakeTask @ react-server-dom-webpack-client.browser.development.js:2041
initializeFakeTask @ react-server-dom-webpack-client.browser.development.js:2027
resolveDebugInfo @ react-server-dom-webpack-client.browser.development.js:2063
processFullStringRow @ react-server-dom-webpack-client.browser.development.js:2261
processFullBinaryRow @ react-server-dom-webpack-client.browser.development.js:2233
progress @ react-server-dom-webpack-client.browser.development.js:2479
<Home>
buildFakeTask @ react-server-dom-webpack-client.browser.development.js:2040
initializeFakeTask @ react-server-dom-webpack-client.browser.development.js:2027
resolveDebugInfo @ react-server-dom-webpack-client.browser.development.js:2063
processFullStringRow @ react-server-dom-webpack-client.browser.development.js:2261
processFullBinaryRow @ react-server-dom-webpack-client.browser.development.js:2233
progress @ react-server-dom-webpack-client.browser.development.js:2479
"use server"
ResponseInstance @ react-server-dom-webpack-client.browser.development.js:1587
createResponseFromOptions @ react-server-dom-webpack-client.browser.development.js:2396
exports.createFromReadableStream @ react-server-dom-webpack-client.browser.development.js:2717
eval @ app-index.js:132
(app-pages-browser)/./node_modules/next/dist/client/app-index.js @ main-app.js?v=1747079225857:160
options.factory @ webpack.js?v=1747079225857:712
__webpack_require__ @ webpack.js?v=1747079225857:37
fn @ webpack.js?v=1747079225857:369
eval @ app-next-dev.js:11
eval @ app-bootstrap.js:62
loadScriptsInSequence @ app-bootstrap.js:23
appBootstrap @ app-bootstrap.js:56
eval @ app-next-dev.js:10
(app-pages-browser)/./node_modules/next/dist/client/app-next-dev.js @ main-app.js?v=1747079225857:182
options.factory @ webpack.js?v=1747079225857:712
__webpack_require__ @ webpack.js?v=1747079225857:37
__webpack_exec__ @ main-app.js?v=1747079225857:2824
(anonymous) @ main-app.js?v=1747079225857:2825
webpackJsonpCallback @ webpack.js?v=1747079225857:1388
(anonymous) @ main-app.js?v=1747079225857:9
CartContext.js:134 Error response from /api/cart/add: {message: 'Failed to add item to cart.', error: 'Request failed with status code 404'}
overrideMethod @ hook.js:608
error @ intercept-console-error.js:50
addToCart @ CartContext.js:134
await in addToCart
handleClick @ AddToCartButton.js:26
executeDispatch @ react-dom-client.development.js:16502
runWithFiberInDEV @ react-dom-client.development.js:845
processDispatchQueue @ react-dom-client.development.js:16552
eval @ react-dom-client.development.js:17150
batchedUpdates$1 @ react-dom-client.development.js:3263
dispatchEventForPluginEventSystem @ react-dom-client.development.js:16706
dispatchEvent @ react-dom-client.development.js:20816
dispatchDiscreteEvent @ react-dom-client.development.js:20784
<button>
exports.jsxDEV @ react-jsx-dev-runtime.development.js:346
Button @ Button.js:4
react-stack-bottom-frame @ react-dom-client.development.js:22974
renderWithHooksAgain @ react-dom-client.development.js:6767
renderWithHooks @ react-dom-client.development.js:6679
updateFunctionComponent @ react-dom-client.development.js:8931
beginWork @ react-dom-client.development.js:10556
runWithFiberInDEV @ react-dom-client.development.js:845
performUnitOfWork @ react-dom-client.development.js:15258
workLoopConcurrentByScheduler @ react-dom-client.development.js:15252
renderRootConcurrent @ react-dom-client.development.js:15227
performWorkOnRoot @ react-dom-client.development.js:14525
performWorkOnRootViaSchedulerTask @ react-dom-client.development.js:16350
performWorkUntilDeadline @ scheduler.development.js:45
<Button>
exports.jsxDEV @ react-jsx-dev-runtime.development.js:346
AddToCartButton @ AddToCartButton.js:44
react-stack-bottom-frame @ react-dom-client.development.js:22974
renderWithHooksAgain @ react-dom-client.development.js:6767
renderWithHooks @ react-dom-client.development.js:6679
updateFunctionComponent @ react-dom-client.development.js:8931
beginWork @ react-dom-client.development.js:10505
runWithFiberInDEV @ react-dom-client.development.js:845
performUnitOfWork @ react-dom-client.development.js:15258
workLoopConcurrentByScheduler @ react-dom-client.development.js:15252
renderRootConcurrent @ react-dom-client.development.js:15227
performWorkOnRoot @ react-dom-client.development.js:14525
performWorkOnRootViaSchedulerTask @ react-dom-client.development.js:16350
performWorkUntilDeadline @ scheduler.development.js:45
"use client"
MinimalistProductCard @ MinimalistProductCard.js:33
eval @ react-server-dom-webpack-client.browser.development.js:2355
initializeModelChunk @ react-server-dom-webpack-client.browser.development.js:1054
getOutlinedModel @ react-server-dom-webpack-client.browser.development.js:1327
parseModelString @ react-server-dom-webpack-client.browser.development.js:1540
eval @ react-server-dom-webpack-client.browser.development.js:2294
initializeModelChunk @ react-server-dom-webpack-client.browser.development.js:1054
readChunk @ react-server-dom-webpack-client.browser.development.js:949
react-stack-bottom-frame @ react-dom-client.development.js:23078
createChild @ react-dom-client.development.js:5383
reconcileChildrenArray @ react-dom-client.development.js:5690
reconcileChildFibersImpl @ react-dom-client.development.js:6013
eval @ react-dom-client.development.js:6118
reconcileChildren @ react-dom-client.development.js:8655
beginWork @ react-dom-client.development.js:10904
runWithFiberInDEV @ react-dom-client.development.js:845
performUnitOfWork @ react-dom-client.development.js:15258
workLoopConcurrentByScheduler @ react-dom-client.development.js:15252
renderRootConcurrent @ react-dom-client.development.js:15227
performWorkOnRoot @ react-dom-client.development.js:14525
performWorkOnRootViaSchedulerTask @ react-dom-client.development.js:16350
performWorkUntilDeadline @ scheduler.development.js:45
<MinimalistProductCard>
eval @ page.js:40
Home @ page.js:39
buildFakeTask @ react-server-dom-webpack-client.browser.development.js:2041
initializeFakeTask @ react-server-dom-webpack-client.browser.development.js:2027
resolveDebugInfo @ react-server-dom-webpack-client.browser.development.js:2063
processFullStringRow @ react-server-dom-webpack-client.browser.development.js:2261
processFullBinaryRow @ react-server-dom-webpack-client.browser.development.js:2233
progress @ react-server-dom-webpack-client.browser.development.js:2479
<Home>
buildFakeTask @ react-server-dom-webpack-client.browser.development.js:2040
initializeFakeTask @ react-server-dom-webpack-client.browser.development.js:2027
resolveDebugInfo @ react-server-dom-webpack-client.browser.development.js:2063
processFullStringRow @ react-server-dom-webpack-client.browser.development.js:2261
processFullBinaryRow @ react-server-dom-webpack-client.browser.development.js:2233
progress @ react-server-dom-webpack-client.browser.development.js:2479
"use server"
ResponseInstance @ react-server-dom-webpack-client.browser.development.js:1587
createResponseFromOptions @ react-server-dom-webpack-client.browser.development.js:2396
exports.createFromReadableStream @ react-server-dom-webpack-client.browser.development.js:2717
eval @ app-index.js:132
(app-pages-browser)/./node_modules/next/dist/client/app-index.js @ main-app.js?v=1747079225857:160
options.factory @ webpack.js?v=1747079225857:712
__webpack_require__ @ webpack.js?v=1747079225857:37
fn @ webpack.js?v=1747079225857:369
eval @ app-next-dev.js:11
eval @ app-bootstrap.js:62
loadScriptsInSequence @ app-bootstrap.js:23
appBootstrap @ app-bootstrap.js:56
eval @ app-next-dev.js:10
(app-pages-browser)/./node_modules/next/dist/client/app-next-dev.js @ main-app.js?v=1747079225857:182
options.factory @ webpack.js?v=1747079225857:712
__webpack_require__ @ webpack.js?v=1747079225857:37
__webpack_exec__ @ main-app.js?v=1747079225857:2824
(anonymous) @ main-app.js?v=1747079225857:2825
webpackJsonpCallback @ webpack.js?v=1747079225857:1388
(anonymous) @ main-app.js?v=1747079225857:9
CartContext.js:149 Error in addToCart (calling /api/cart/add): Error: Failed to add item to cart.
    at addToCart (CartContext.js:135:11)
    at async handleClick (AddToCartButton.js:26:4)
overrideMethod @ hook.js:608
error @ intercept-console-error.js:50
addToCart @ CartContext.js:149
await in addToCart
handleClick @ AddToCartButton.js:26
executeDispatch @ react-dom-client.development.js:16502
runWithFiberInDEV @ react-dom-client.development.js:845
processDispatchQueue @ react-dom-client.development.js:16552
eval @ react-dom-client.development.js:17150
batchedUpdates$1 @ react-dom-client.development.js:3263
dispatchEventForPluginEventSystem @ react-dom-client.development.js:16706
dispatchEvent @ react-dom-client.development.js:20816
dispatchDiscreteEvent @ react-dom-client.development.js:20784
<button>
exports.jsxDEV @ react-jsx-dev-runtime.development.js:346
Button @ Button.js:4
react-stack-bottom-frame @ react-dom-client.development.js:22974
renderWithHooksAgain @ react-dom-client.development.js:6767
renderWithHooks @ react-dom-client.development.js:6679
updateFunctionComponent @ react-dom-client.development.js:8931
beginWork @ react-dom-client.development.js:10556
runWithFiberInDEV @ react-dom-client.development.js:845
performUnitOfWork @ react-dom-client.development.js:15258
workLoopConcurrentByScheduler @ react-dom-client.development.js:15252
renderRootConcurrent @ react-dom-client.development.js:15227
performWorkOnRoot @ react-dom-client.development.js:14525
performWorkOnRootViaSchedulerTask @ react-dom-client.development.js:16350
performWorkUntilDeadline @ scheduler.development.js:45
<Button>
exports.jsxDEV @ react-jsx-dev-runtime.development.js:346
AddToCartButton @ AddToCartButton.js:44
react-stack-bottom-frame @ react-dom-client.development.js:22974
renderWithHooksAgain @ react-dom-client.development.js:6767
renderWithHooks @ react-dom-client.development.js:6679
updateFunctionComponent @ react-dom-client.development.js:8931
beginWork @ react-dom-client.development.js:10505
runWithFiberInDEV @ react-dom-client.development.js:845
performUnitOfWork @ react-dom-client.development.js:15258
workLoopConcurrentByScheduler @ react-dom-client.development.js:15252
renderRootConcurrent @ react-dom-client.development.js:15227
performWorkOnRoot @ react-dom-client.development.js:14525
performWorkOnRootViaSchedulerTask @ react-dom-client.development.js:16350
performWorkUntilDeadline @ scheduler.development.js:45
"use client"
MinimalistProductCard @ MinimalistProductCard.js:33
eval @ react-server-dom-webpack-client.browser.development.js:2355
initializeModelChunk @ react-server-dom-webpack-client.browser.development.js:1054
getOutlinedModel @ react-server-dom-webpack-client.browser.development.js:1327
parseModelString @ react-server-dom-webpack-client.browser.development.js:1540
eval @ react-server-dom-webpack-client.browser.development.js:2294
initializeModelChunk @ react-server-dom-webpack-client.browser.development.js:1054
readChunk @ react-server-dom-webpack-client.browser.development.js:949
react-stack-bottom-frame @ react-dom-client.development.js:23078
createChild @ react-dom-client.development.js:5383
reconcileChildrenArray @ react-dom-client.development.js:5690
reconcileChildFibersImpl @ react-dom-client.development.js:6013
eval @ react-dom-client.development.js:6118
reconcileChildren @ react-dom-client.development.js:8655
beginWork @ react-dom-client.development.js:10904
runWithFiberInDEV @ react-dom-client.development.js:845
performUnitOfWork @ react-dom-client.development.js:15258
workLoopConcurrentByScheduler @ react-dom-client.development.js:15252
renderRootConcurrent @ react-dom-client.development.js:15227
performWorkOnRoot @ react-dom-client.development.js:14525
performWorkOnRootViaSchedulerTask @ react-dom-client.development.js:16350
performWorkUntilDeadline @ scheduler.development.js:45
<MinimalistProductCard>
eval @ page.js:40
Home @ page.js:39
buildFakeTask @ react-server-dom-webpack-client.browser.development.js:2041
initializeFakeTask @ react-server-dom-webpack-client.browser.development.js:2027
resolveDebugInfo @ react-server-dom-webpack-client.browser.development.js:2063
processFullStringRow @ react-server-dom-webpack-client.browser.development.js:2261
processFullBinaryRow @ react-server-dom-webpack-client.browser.development.js:2233
progress @ react-server-dom-webpack-client.browser.development.js:2479
<Home>
buildFakeTask @ react-server-dom-webpack-client.browser.development.js:2040
initializeFakeTask @ react-server-dom-webpack-client.browser.development.js:2027
resolveDebugInfo @ react-server-dom-webpack-client.browser.development.js:2063
processFullStringRow @ react-server-dom-webpack-client.browser.development.js:2261
processFullBinaryRow @ react-server-dom-webpack-client.browser.development.js:2233
progress @ react-server-dom-webpack-client.browser.development.js:2479
"use server"
ResponseInstance @ react-server-dom-webpack-client.browser.development.js:1587
createResponseFromOptions @ react-server-dom-webpack-client.browser.development.js:2396
exports.createFromReadableStream @ react-server-dom-webpack-client.browser.development.js:2717
eval @ app-index.js:132
(app-pages-browser)/./node_modules/next/dist/client/app-index.js @ main-app.js?v=1747079225857:160
options.factory @ webpack.js?v=1747079225857:712
__webpack_require__ @ webpack.js?v=1747079225857:37
fn @ webpack.js?v=1747079225857:369
eval @ app-next-dev.js:11
eval @ app-bootstrap.js:62
loadScriptsInSequence @ app-bootstrap.js:23
appBootstrap @ app-bootstrap.js:56
eval @ app-next-dev.js:10
(app-pages-browser)/./node_modules/next/dist/client/app-next-dev.js @ main-app.js?v=1747079225857:182
options.factory @ webpack.js?v=1747079225857:712
__webpack_require__ @ webpack.js?v=1747079225857:37
__webpack_exec__ @ main-app.js?v=1747079225857:2824
(anonymous) @ main-app.js?v=1747079225857:2825
webpackJsonpCallback @ webpack.js?v=1747079225857:1388
(anonymous) @ main-app.js?v=1747079225857:9
